{"/Users/ivan/Workspace/github.com/ipedrazas/pulse/ui/src/App.tsx": {"path":"/Users/ivan/Workspace/github.com/ipedrazas/pulse/ui/src/App.tsx","statementMap":{"0":{"start":{"line":12,"column":2},"end":{"line":12,"column":null}},"1":{"start":{"line":12,"column":14},"end":{"line":12,"column":null}},"2":{"start":{"line":13,"column":12},"end":{"line":13,"column":null}},"3":{"start":{"line":15,"column":2},"end":{"line":26,"column":null}},"4":{"start":{"line":17,"column":24},"end":{"line":17,"column":null}},"5":{"start":{"line":18,"column":6},"end":{"line":18,"column":null}},"6":{"start":{"line":18,"column":21},"end":{"line":18,"column":null}},"7":{"start":{"line":20,"column":23},"end":{"line":22,"column":null}},"8":{"start":{"line":21,"column":15},"end":{"line":21,"column":null}},"9":{"start":{"line":23,"column":6},"end":{"line":23,"column":null}},"10":{"start":{"line":23,"column":33},"end":{"line":23,"column":null}},"11":{"start":{"line":24,"column":6},"end":{"line":24,"column":null}},"12":{"start":{"line":26,"column":40},"end":{"line":26,"column":50}},"13":{"start":{"line":30,"column":26},"end":{"line":30,"column":null}},"14":{"start":{"line":31,"column":8},"end":{"line":31,"column":null}},"15":{"start":{"line":32,"column":8},"end":{"line":32,"column":null}},"16":{"start":{"line":34,"column":18},"end":{"line":34,"column":null}},"17":{"start":{"line":36,"column":8},"end":{"line":36,"column":null}},"18":{"start":{"line":36,"column":33},"end":{"line":36,"column":72}},"19":{"start":{"line":38,"column":2},"end":{"line":65,"column":null}}},"fnMap":{"0":{"name":"filterNodes","decl":{"start":{"line":11,"column":9},"end":{"line":11,"column":21}},"loc":{"start":{"line":11,"column":79},"end":{"line":27,"column":null}},"line":11},"1":{"name":"(anonymous_1)","decl":{"start":{"line":16,"column":9},"end":{"line":16,"column":10}},"loc":{"start":{"line":16,"column":19},"end":{"line":25,"column":5}},"line":16},"2":{"name":"(anonymous_2)","decl":{"start":{"line":21,"column":8},"end":{"line":21,"column":9}},"loc":{"start":{"line":21,"column":15},"end":{"line":21,"column":null}},"line":21},"3":{"name":"(anonymous_3)","decl":{"start":{"line":26,"column":12},"end":{"line":26,"column":13}},"loc":{"start":{"line":26,"column":40},"end":{"line":26,"column":50}},"line":26},"4":{"name":"App","decl":{"start":{"line":29,"column":24},"end":{"line":29,"column":30}},"loc":{"start":{"line":29,"column":30},"end":{"line":67,"column":null}},"line":29},"5":{"name":"(anonymous_5)","decl":{"start":{"line":36,"column":27},"end":{"line":36,"column":33}},"loc":{"start":{"line":36,"column":33},"end":{"line":36,"column":72}},"line":36}},"branchMap":{"0":{"loc":{"start":{"line":12,"column":2},"end":{"line":12,"column":null}},"type":"if","locations":[{"start":{"line":12,"column":2},"end":{"line":12,"column":null}},{"start":{},"end":{}}],"line":12},"1":{"loc":{"start":{"line":18,"column":6},"end":{"line":18,"column":null}},"type":"if","locations":[{"start":{"line":18,"column":6},"end":{"line":18,"column":null}},{"start":{},"end":{}}],"line":18},"2":{"loc":{"start":{"line":21,"column":15},"end":{"line":21,"column":null}},"type":"binary-expr","locations":[{"start":{"line":21,"column":15},"end":{"line":21,"column":51}},{"start":{"line":21,"column":51},"end":{"line":21,"column":null}}],"line":21},"3":{"loc":{"start":{"line":23,"column":6},"end":{"line":23,"column":null}},"type":"if","locations":[{"start":{"line":23,"column":6},"end":{"line":23,"column":null}},{"start":{},"end":{}}],"line":23},"4":{"loc":{"start":{"line":34,"column":18},"end":{"line":34,"column":null}},"type":"cond-expr","locations":[{"start":{"line":34,"column":40},"end":{"line":34,"column":75}},{"start":{"line":34,"column":75},"end":{"line":34,"column":null}}],"line":34},"5":{"loc":{"start":{"line":36,"column":45},"end":{"line":36,"column":63}},"type":"binary-expr","locations":[{"start":{"line":36,"column":45},"end":{"line":36,"column":59}},{"start":{"line":36,"column":59},"end":{"line":36,"column":63}}],"line":36},"6":{"loc":{"start":{"line":45,"column":9},"end":{"line":62,"column":null}},"type":"cond-expr","locations":[{"start":{"line":46,"column":10},"end":{"line":46,"column":null}},{"start":{"line":47,"column":12},"end":{"line":62,"column":null}}],"line":45},"7":{"loc":{"start":{"line":47,"column":12},"end":{"line":62,"column":null}},"type":"cond-expr","locations":[{"start":{"line":48,"column":10},"end":{"line":51,"column":null}},{"start":{"line":52,"column":12},"end":{"line":62,"column":null}}],"line":47},"8":{"loc":{"start":{"line":52,"column":12},"end":{"line":62,"column":null}},"type":"cond-expr","locations":[{"start":{"line":53,"column":10},"end":{"line":59,"column":null}},{"start":{"line":62,"column":10},"end":{"line":62,"column":null}}],"line":52},"9":{"loc":{"start":{"line":53,"column":10},"end":{"line":59,"column":null}},"type":"cond-expr","locations":[{"start":{"line":54,"column":12},"end":{"line":54,"column":null}},{"start":{"line":56,"column":12},"end":{"line":59,"column":null}}],"line":53}},"s":{"0":0,"1":0,"2":0,"3":0,"4":0,"5":0,"6":0,"7":0,"8":0,"9":0,"10":0,"11":0,"12":0,"13":0,"14":0,"15":0,"16":0,"17":0,"18":0,"19":0},"f":{"0":0,"1":0,"2":0,"3":0,"4":0,"5":0},"b":{"0":[0,0],"1":[0,0],"2":[0,0],"3":[0,0],"4":[0,0],"5":[0,0],"6":[0,0],"7":[0,0],"8":[0,0],"9":[0,0]},"meta":{"lastBranch":10,"lastFunction":6,"lastStatement":20,"seen":{"f:11:9:11:21":0,"b:12:2:12:Infinity:undefined:undefined:undefined:undefined":0,"s:12:2:12:Infinity":0,"s:12:14:12:Infinity":1,"s:13:12:13:Infinity":2,"s:15:2:26:Infinity":3,"f:16:9:16:10":1,"s:17:24:17:Infinity":4,"b:18:6:18:Infinity:undefined:undefined:undefined:undefined":1,"s:18:6:18:Infinity":5,"s:18:21:18:Infinity":6,"s:20:23:22:Infinity":7,"f:21:8:21:9":2,"s:21:15:21:Infinity":8,"b:21:15:21:51:21:51:21:Infinity":2,"b:23:6:23:Infinity:undefined:undefined:undefined:undefined":3,"s:23:6:23:Infinity":9,"s:23:33:23:Infinity":10,"s:24:6:24:Infinity":11,"f:26:12:26:13":3,"s:26:40:26:50":12,"f:29:24:29:30":4,"s:30:26:30:Infinity":13,"s:31:8:31:Infinity":14,"s:32:8:32:Infinity":15,"s:34:18:34:Infinity":16,"b:34:40:34:75:34:75:34:Infinity":4,"s:36:8:36:Infinity":17,"f:36:27:36:33":5,"s:36:33:36:72":18,"b:36:45:36:59:36:59:36:63":5,"s:38:2:65:Infinity":19,"b:46:10:46:Infinity:47:12:62:Infinity":6,"b:48:10:51:Infinity:52:12:62:Infinity":7,"b:53:10:59:Infinity:62:10:62:Infinity":8,"b:54:12:54:Infinity:56:12:59:Infinity":9}}}
,"/Users/ivan/Workspace/github.com/ipedrazas/pulse/ui/src/types.ts": {"path":"/Users/ivan/Workspace/github.com/ipedrazas/pulse/ui/src/types.ts","statementMap":{},"fnMap":{},"branchMap":{},"s":{},"f":{},"b":{},"meta":{"lastBranch":0,"lastFunction":0,"lastStatement":0,"seen":{}}}
,"/Users/ivan/Workspace/github.com/ipedrazas/pulse/ui/src/api/client.ts": {"path":"/Users/ivan/Workspace/github.com/ipedrazas/pulse/ui/src/api/client.ts","statementMap":{"0":{"start":{"line":4,"column":14},"end":{"line":4,"column":null}},"1":{"start":{"line":5,"column":2},"end":{"line":5,"column":null}},"2":{"start":{"line":5,"column":15},"end":{"line":5,"column":null}},"3":{"start":{"line":6,"column":2},"end":{"line":6,"column":null}},"4":{"start":{"line":10,"column":2},"end":{"line":10,"column":null}},"5":{"start":{"line":14,"column":2},"end":{"line":14,"column":null}}},"fnMap":{"0":{"name":"fetchJSON","decl":{"start":{"line":3,"column":15},"end":{"line":3,"column":28}},"loc":{"start":{"line":3,"column":53},"end":{"line":7,"column":null}},"line":3},"1":{"name":"fetchHealth","decl":{"start":{"line":9,"column":16},"end":{"line":9,"column":55}},"loc":{"start":{"line":9,"column":55},"end":{"line":11,"column":null}},"line":9},"2":{"name":"fetchNodes","decl":{"start":{"line":13,"column":16},"end":{"line":13,"column":56}},"loc":{"start":{"line":13,"column":56},"end":{"line":15,"column":null}},"line":13}},"branchMap":{"0":{"loc":{"start":{"line":5,"column":2},"end":{"line":5,"column":null}},"type":"if","locations":[{"start":{"line":5,"column":2},"end":{"line":5,"column":null}},{"start":{},"end":{}}],"line":5}},"s":{"0":0,"1":0,"2":0,"3":0,"4":0,"5":0},"f":{"0":0,"1":0,"2":0},"b":{"0":[0,0]},"meta":{"lastBranch":1,"lastFunction":3,"lastStatement":6,"seen":{"f:3:15:3:28":0,"s:4:14:4:Infinity":0,"b:5:2:5:Infinity:undefined:undefined:undefined:undefined":0,"s:5:2:5:Infinity":1,"s:5:15:5:Infinity":2,"s:6:2:6:Infinity":3,"f:9:16:9:55":1,"s:10:2:10:Infinity":4,"f:13:16:13:56":2,"s:14:2:14:Infinity":5}}}
,"/Users/ivan/Workspace/github.com/ipedrazas/pulse/ui/src/components/ContainerRow.tsx": {"path":"/Users/ivan/Workspace/github.com/ipedrazas/pulse/ui/src/components/ContainerRow.tsx","statementMap":{"0":{"start":{"line":12,"column":21},"end":{"line":12,"column":null}},"1":{"start":{"line":13,"column":8},"end":{"line":13,"column":null}},"2":{"start":{"line":15,"column":2},"end":{"line":35,"column":null}}},"fnMap":{"0":{"name":"ContainerRow","decl":{"start":{"line":11,"column":16},"end":{"line":11,"column":29}},"loc":{"start":{"line":11,"column":63},"end":{"line":37,"column":null}},"line":11}},"branchMap":{"0":{"loc":{"start":{"line":12,"column":21},"end":{"line":12,"column":null}},"type":"binary-expr","locations":[{"start":{"line":12,"column":21},"end":{"line":12,"column":41}},{"start":{"line":12,"column":41},"end":{"line":12,"column":null}}],"line":12}},"s":{"0":0,"1":0,"2":0},"f":{"0":0},"b":{"0":[0,0]},"meta":{"lastBranch":1,"lastFunction":1,"lastStatement":3,"seen":{"f:11:16:11:29":0,"s:12:21:12:Infinity":0,"b:12:21:12:41:12:41:12:Infinity":0,"s:13:8:13:Infinity":1,"s:15:2:35:Infinity":2}}}
,"/Users/ivan/Workspace/github.com/ipedrazas/pulse/ui/src/components/EmptyState.tsx": {"path":"/Users/ivan/Workspace/github.com/ipedrazas/pulse/ui/src/components/EmptyState.tsx","statementMap":{"0":{"start":{"line":7,"column":2},"end":{"line":12,"column":null}}},"fnMap":{"0":{"name":"EmptyState","decl":{"start":{"line":6,"column":16},"end":{"line":6,"column":27}},"loc":{"start":{"line":6,"column":64},"end":{"line":14,"column":null}},"line":6}},"branchMap":{},"s":{"0":0},"f":{"0":0},"b":{},"meta":{"lastBranch":0,"lastFunction":1,"lastStatement":1,"seen":{"f:6:16:6:27":0,"s:7:2:12:Infinity":0}}}
,"/Users/ivan/Workspace/github.com/ipedrazas/pulse/ui/src/components/Header.tsx": {"path":"/Users/ivan/Workspace/github.com/ipedrazas/pulse/ui/src/components/Header.tsx","statementMap":{"0":{"start":{"line":10,"column":2},"end":{"line":19,"column":null}}},"fnMap":{"0":{"name":"Header","decl":{"start":{"line":9,"column":16},"end":{"line":9,"column":23}},"loc":{"start":{"line":9,"column":62},"end":{"line":21,"column":null}},"line":9}},"branchMap":{},"s":{"0":0},"f":{"0":0},"b":{},"meta":{"lastBranch":0,"lastFunction":1,"lastStatement":1,"seen":{"f:9:16:9:23":0,"s:10:2:19:Infinity":0}}}
,"/Users/ivan/Workspace/github.com/ipedrazas/pulse/ui/src/components/HealthBadge.tsx": {"path":"/Users/ivan/Workspace/github.com/ipedrazas/pulse/ui/src/components/HealthBadge.tsx","statementMap":{"0":{"start":{"line":6,"column":2},"end":{"line":13,"column":null}},"1":{"start":{"line":7,"column":4},"end":{"line":11,"column":null}},"2":{"start":{"line":15,"column":2},"end":{"line":23,"column":null}}},"fnMap":{"0":{"name":"HealthBadge","decl":{"start":{"line":5,"column":16},"end":{"line":5,"column":28}},"loc":{"start":{"line":5,"column":59},"end":{"line":25,"column":null}},"line":5}},"branchMap":{"0":{"loc":{"start":{"line":6,"column":2},"end":{"line":13,"column":null}},"type":"if","locations":[{"start":{"line":6,"column":2},"end":{"line":13,"column":null}},{"start":{},"end":{}}],"line":6},"1":{"loc":{"start":{"line":17,"column":61},"end":{"line":17,"column":104}},"type":"cond-expr","locations":[{"start":{"line":17,"column":71},"end":{"line":17,"column":90}},{"start":{"line":17,"column":90},"end":{"line":17,"column":104}}],"line":17},"2":{"loc":{"start":{"line":20,"column":43},"end":{"line":20,"column":100}},"type":"cond-expr","locations":[{"start":{"line":20,"column":53},"end":{"line":20,"column":88}},{"start":{"line":20,"column":88},"end":{"line":20,"column":100}}],"line":20},"3":{"loc":{"start":{"line":22,"column":11},"end":{"line":22,"column":null}},"type":"cond-expr","locations":[{"start":{"line":22,"column":21},"end":{"line":22,"column":33}},{"start":{"line":22,"column":33},"end":{"line":22,"column":null}}],"line":22}},"s":{"0":0,"1":0,"2":0},"f":{"0":0},"b":{"0":[0,0],"1":[0,0],"2":[0,0],"3":[0,0]},"meta":{"lastBranch":4,"lastFunction":1,"lastStatement":3,"seen":{"f:5:16:5:28":0,"b:6:2:13:Infinity:undefined:undefined:undefined:undefined":0,"s:6:2:13:Infinity":0,"s:7:4:11:Infinity":1,"s:15:2:23:Infinity":2,"b:17:71:17:90:17:90:17:104":1,"b:20:53:20:88:20:88:20:100":2,"b:22:21:22:33:22:33:22:Infinity":3}}}
,"/Users/ivan/Workspace/github.com/ipedrazas/pulse/ui/src/components/NodeCard.tsx": {"path":"/Users/ivan/Workspace/github.com/ipedrazas/pulse/ui/src/components/NodeCard.tsx","statementMap":{"0":{"start":{"line":9,"column":18},"end":{"line":9,"column":null}},"1":{"start":{"line":9,"column":48},"end":{"line":9,"column":70}},"2":{"start":{"line":10,"column":16},"end":{"line":10,"column":null}},"3":{"start":{"line":12,"column":2},"end":{"line":26,"column":null}},"4":{"start":{"line":23,"column":10},"end":{"line":23,"column":null}}},"fnMap":{"0":{"name":"NodeCard","decl":{"start":{"line":8,"column":16},"end":{"line":8,"column":25}},"loc":{"start":{"line":8,"column":50},"end":{"line":28,"column":null}},"line":8},"1":{"name":"(anonymous_1)","decl":{"start":{"line":9,"column":41},"end":{"line":9,"column":42}},"loc":{"start":{"line":9,"column":48},"end":{"line":9,"column":70}},"line":9},"2":{"name":"(anonymous_2)","decl":{"start":{"line":22,"column":29},"end":{"line":22,"column":30}},"loc":{"start":{"line":23,"column":10},"end":{"line":23,"column":null}},"line":23}},"branchMap":{},"s":{"0":0,"1":0,"2":0,"3":0,"4":0},"f":{"0":0,"1":0,"2":0},"b":{},"meta":{"lastBranch":0,"lastFunction":3,"lastStatement":5,"seen":{"f:8:16:8:25":0,"s:9:18:9:Infinity":0,"f:9:41:9:42":1,"s:9:48:9:70":1,"s:10:16:10:Infinity":2,"s:12:2:26:Infinity":3,"f:22:29:22:30":2,"s:23:10:23:Infinity":4}}}
,"/Users/ivan/Workspace/github.com/ipedrazas/pulse/ui/src/components/NodeGrid.tsx": {"path":"/Users/ivan/Workspace/github.com/ipedrazas/pulse/ui/src/components/NodeGrid.tsx","statementMap":{"0":{"start":{"line":9,"column":2},"end":{"line":14,"column":null}},"1":{"start":{"line":12,"column":8},"end":{"line":12,"column":null}}},"fnMap":{"0":{"name":"NodeGrid","decl":{"start":{"line":8,"column":16},"end":{"line":8,"column":25}},"loc":{"start":{"line":8,"column":51},"end":{"line":16,"column":null}},"line":8},"1":{"name":"(anonymous_1)","decl":{"start":{"line":11,"column":17},"end":{"line":11,"column":18}},"loc":{"start":{"line":12,"column":8},"end":{"line":12,"column":null}},"line":12}},"branchMap":{},"s":{"0":0,"1":0},"f":{"0":0,"1":0},"b":{},"meta":{"lastBranch":0,"lastFunction":2,"lastStatement":2,"seen":{"f:8:16:8:25":0,"s:9:2:14:Infinity":0,"f:11:17:11:18":1,"s:12:8:12:Infinity":1}}}
,"/Users/ivan/Workspace/github.com/ipedrazas/pulse/ui/src/components/RefreshIndicator.tsx": {"path":"/Users/ivan/Workspace/github.com/ipedrazas/pulse/ui/src/components/RefreshIndicator.tsx","statementMap":{"0":{"start":{"line":8,"column":18},"end":{"line":8,"column":null}},"1":{"start":{"line":10,"column":2},"end":{"line":13,"column":null}},"2":{"start":{"line":11,"column":15},"end":{"line":11,"column":null}},"3":{"start":{"line":11,"column":33},"end":{"line":11,"column":56}},"4":{"start":{"line":11,"column":48},"end":{"line":11,"column":53}},"5":{"start":{"line":12,"column":4},"end":{"line":12,"column":null}},"6":{"start":{"line":12,"column":17},"end":{"line":12,"column":null}},"7":{"start":{"line":15,"column":2},"end":{"line":15,"column":null}},"8":{"start":{"line":15,"column":20},"end":{"line":15,"column":null}},"9":{"start":{"line":17,"column":18},"end":{"line":17,"column":null}},"10":{"start":{"line":18,"column":16},"end":{"line":18,"column":null}},"11":{"start":{"line":20,"column":2},"end":{"line":20,"column":null}}},"fnMap":{"0":{"name":"RefreshIndicator","decl":{"start":{"line":7,"column":16},"end":{"line":7,"column":33}},"loc":{"start":{"line":7,"column":73},"end":{"line":21,"column":null}},"line":7},"1":{"name":"(anonymous_1)","decl":{"start":{"line":10,"column":12},"end":{"line":10,"column":18}},"loc":{"start":{"line":10,"column":18},"end":{"line":13,"column":5}},"line":10},"2":{"name":"(anonymous_2)","decl":{"start":{"line":11,"column":27},"end":{"line":11,"column":33}},"loc":{"start":{"line":11,"column":33},"end":{"line":11,"column":56}},"line":11},"3":{"name":"(anonymous_3)","decl":{"start":{"line":11,"column":41},"end":{"line":11,"column":42}},"loc":{"start":{"line":11,"column":48},"end":{"line":11,"column":53}},"line":11},"4":{"name":"(anonymous_4)","decl":{"start":{"line":12,"column":11},"end":{"line":12,"column":17}},"loc":{"start":{"line":12,"column":17},"end":{"line":12,"column":null}},"line":12}},"branchMap":{"0":{"loc":{"start":{"line":15,"column":2},"end":{"line":15,"column":null}},"type":"if","locations":[{"start":{"line":15,"column":2},"end":{"line":15,"column":null}},{"start":{},"end":{}}],"line":15},"1":{"loc":{"start":{"line":18,"column":16},"end":{"line":18,"column":null}},"type":"cond-expr","locations":[{"start":{"line":18,"column":30},"end":{"line":18,"column":43}},{"start":{"line":18,"column":43},"end":{"line":18,"column":null}}],"line":18}},"s":{"0":0,"1":0,"2":0,"3":0,"4":0,"5":0,"6":0,"7":0,"8":0,"9":0,"10":0,"11":0},"f":{"0":0,"1":0,"2":0,"3":0,"4":0},"b":{"0":[0,0],"1":[0,0]},"meta":{"lastBranch":2,"lastFunction":5,"lastStatement":12,"seen":{"f:7:16:7:33":0,"s:8:18:8:Infinity":0,"s:10:2:13:Infinity":1,"f:10:12:10:18":1,"s:11:15:11:Infinity":2,"f:11:27:11:33":2,"s:11:33:11:56":3,"f:11:41:11:42":3,"s:11:48:11:53":4,"s:12:4:12:Infinity":5,"f:12:11:12:17":4,"s:12:17:12:Infinity":6,"b:15:2:15:Infinity:undefined:undefined:undefined:undefined":0,"s:15:2:15:Infinity":7,"s:15:20:15:Infinity":8,"s:17:18:17:Infinity":9,"s:18:16:18:Infinity":10,"b:18:30:18:43:18:43:18:Infinity":1,"s:20:2:20:Infinity":11}}}
,"/Users/ivan/Workspace/github.com/ipedrazas/pulse/ui/src/components/SearchBar.tsx": {"path":"/Users/ivan/Workspace/github.com/ipedrazas/pulse/ui/src/components/SearchBar.tsx","statementMap":{"0":{"start":{"line":7,"column":2},"end":{"line":30,"column":null}},"1":{"start":{"line":13,"column":25},"end":{"line":13,"column":null}}},"fnMap":{"0":{"name":"SearchBar","decl":{"start":{"line":6,"column":16},"end":{"line":6,"column":26}},"loc":{"start":{"line":6,"column":63},"end":{"line":32,"column":null}},"line":6},"1":{"name":"(anonymous_1)","decl":{"start":{"line":13,"column":18},"end":{"line":13,"column":19}},"loc":{"start":{"line":13,"column":25},"end":{"line":13,"column":null}},"line":13}},"branchMap":{},"s":{"0":0,"1":0},"f":{"0":0,"1":0},"b":{},"meta":{"lastBranch":0,"lastFunction":2,"lastStatement":2,"seen":{"f:6:16:6:26":0,"s:7:2:30:Infinity":0,"f:13:18:13:19":1,"s:13:25:13:Infinity":1}}}
,"/Users/ivan/Workspace/github.com/ipedrazas/pulse/ui/src/components/Spinner.tsx": {"path":"/Users/ivan/Workspace/github.com/ipedrazas/pulse/ui/src/components/Spinner.tsx","statementMap":{"0":{"start":{"line":2,"column":2},"end":{"line":5,"column":null}}},"fnMap":{"0":{"name":"Spinner","decl":{"start":{"line":1,"column":16},"end":{"line":1,"column":26}},"loc":{"start":{"line":1,"column":26},"end":{"line":7,"column":null}},"line":1}},"branchMap":{},"s":{"0":0},"f":{"0":0},"b":{},"meta":{"lastBranch":0,"lastFunction":1,"lastStatement":1,"seen":{"f:1:16:1:26":0,"s:2:2:5:Infinity":0}}}
,"/Users/ivan/Workspace/github.com/ipedrazas/pulse/ui/src/components/StatusDot.tsx": {"path":"/Users/ivan/Workspace/github.com/ipedrazas/pulse/ui/src/components/StatusDot.tsx","statementMap":{"0":{"start":{"line":4,"column":8},"end":{"line":4,"column":null}},"1":{"start":{"line":5,"column":18},"end":{"line":5,"column":null}},"2":{"start":{"line":7,"column":2},"end":{"line":11,"column":null}}},"fnMap":{"0":{"name":"StatusDot","decl":{"start":{"line":3,"column":16},"end":{"line":3,"column":26}},"loc":{"start":{"line":3,"column":65},"end":{"line":13,"column":null}},"line":3}},"branchMap":{"0":{"loc":{"start":{"line":5,"column":18},"end":{"line":5,"column":null}},"type":"cond-expr","locations":[{"start":{"line":5,"column":41},"end":{"line":5,"column":63}},{"start":{"line":5,"column":63},"end":{"line":5,"column":null}}],"line":5},"1":{"loc":{"start":{"line":10,"column":13},"end":{"line":10,"column":null}},"type":"binary-expr","locations":[{"start":{"line":10,"column":13},"end":{"line":10,"column":23}},{"start":{"line":10,"column":23},"end":{"line":10,"column":null}}],"line":10}},"s":{"0":0,"1":0,"2":0},"f":{"0":0},"b":{"0":[0,0],"1":[0,0]},"meta":{"lastBranch":2,"lastFunction":1,"lastStatement":3,"seen":{"f:3:16:3:26":0,"s:4:8:4:Infinity":0,"s:5:18:5:Infinity":1,"b:5:41:5:63:5:63:5:Infinity":0,"s:7:2:11:Infinity":2,"b:10:13:10:23:10:23:10:Infinity":1}}}
,"/Users/ivan/Workspace/github.com/ipedrazas/pulse/ui/src/hooks/useHealth.ts": {"path":"/Users/ivan/Workspace/github.com/ipedrazas/pulse/ui/src/hooks/useHealth.ts","statementMap":{"0":{"start":{"line":6,"column":24},"end":{"line":6,"column":null}},"1":{"start":{"line":9,"column":8},"end":{"line":9,"column":null}},"2":{"start":{"line":9,"column":30},"end":{"line":9,"column":51}},"3":{"start":{"line":10,"column":2},"end":{"line":10,"column":null}}},"fnMap":{"0":{"name":"useHealth","decl":{"start":{"line":8,"column":16},"end":{"line":8,"column":28}},"loc":{"start":{"line":8,"column":28},"end":{"line":11,"column":null}},"line":8},"1":{"name":"(anonymous_1)","decl":{"start":{"line":9,"column":30},"end":{"line":9,"column":36}},"loc":{"start":{"line":9,"column":30},"end":{"line":9,"column":51}},"line":9}},"branchMap":{},"s":{"0":0,"1":0,"2":0,"3":0},"f":{"0":0,"1":0},"b":{},"meta":{"lastBranch":0,"lastFunction":2,"lastStatement":4,"seen":{"s:6:24:6:Infinity":0,"f:8:16:8:28":0,"s:9:8:9:Infinity":1,"f:9:30:9:36":1,"s:9:30:9:51":2,"s:10:2:10:Infinity":3}}}
,"/Users/ivan/Workspace/github.com/ipedrazas/pulse/ui/src/hooks/useNodes.ts": {"path":"/Users/ivan/Workspace/github.com/ipedrazas/pulse/ui/src/hooks/useNodes.ts","statementMap":{"0":{"start":{"line":6,"column":23},"end":{"line":6,"column":null}},"1":{"start":{"line":9,"column":8},"end":{"line":9,"column":null}},"2":{"start":{"line":9,"column":30},"end":{"line":9,"column":50}},"3":{"start":{"line":10,"column":2},"end":{"line":10,"column":null}}},"fnMap":{"0":{"name":"useNodes","decl":{"start":{"line":8,"column":16},"end":{"line":8,"column":27}},"loc":{"start":{"line":8,"column":27},"end":{"line":11,"column":null}},"line":8},"1":{"name":"(anonymous_1)","decl":{"start":{"line":9,"column":30},"end":{"line":9,"column":36}},"loc":{"start":{"line":9,"column":30},"end":{"line":9,"column":50}},"line":9}},"branchMap":{},"s":{"0":0,"1":0,"2":0,"3":0},"f":{"0":0,"1":0},"b":{},"meta":{"lastBranch":0,"lastFunction":2,"lastStatement":4,"seen":{"s:6:23:6:Infinity":0,"f:8:16:8:27":0,"s:9:8:9:Infinity":1,"f:9:30:9:36":1,"s:9:30:9:50":2,"s:10:2:10:Infinity":3}}}
,"/Users/ivan/Workspace/github.com/ipedrazas/pulse/ui/src/hooks/usePolling.ts": {"path":"/Users/ivan/Workspace/github.com/ipedrazas/pulse/ui/src/hooks/usePolling.ts","statementMap":{"0":{"start":{"line":11,"column":22},"end":{"line":11,"column":null}},"1":{"start":{"line":12,"column":24},"end":{"line":12,"column":null}},"2":{"start":{"line":13,"column":28},"end":{"line":13,"column":null}},"3":{"start":{"line":14,"column":36},"end":{"line":14,"column":null}},"4":{"start":{"line":15,"column":8},"end":{"line":15,"column":null}},"5":{"start":{"line":17,"column":8},"end":{"line":32,"column":null}},"6":{"start":{"line":18,"column":4},"end":{"line":31,"column":null}},"7":{"start":{"line":19,"column":21},"end":{"line":19,"column":null}},"8":{"start":{"line":20,"column":6},"end":{"line":25,"column":null}},"9":{"start":{"line":21,"column":8},"end":{"line":21,"column":null}},"10":{"start":{"line":22,"column":8},"end":{"line":22,"column":null}},"11":{"start":{"line":23,"column":8},"end":{"line":23,"column":null}},"12":{"start":{"line":24,"column":8},"end":{"line":24,"column":null}},"13":{"start":{"line":27,"column":6},"end":{"line":30,"column":null}},"14":{"start":{"line":28,"column":8},"end":{"line":28,"column":null}},"15":{"start":{"line":29,"column":8},"end":{"line":29,"column":null}},"16":{"start":{"line":34,"column":2},"end":{"line":42,"column":null}},"17":{"start":{"line":35,"column":4},"end":{"line":35,"column":null}},"18":{"start":{"line":36,"column":4},"end":{"line":36,"column":null}},"19":{"start":{"line":37,"column":15},"end":{"line":37,"column":null}},"20":{"start":{"line":38,"column":4},"end":{"line":41,"column":null}},"21":{"start":{"line":39,"column":6},"end":{"line":39,"column":null}},"22":{"start":{"line":40,"column":6},"end":{"line":40,"column":null}},"23":{"start":{"line":44,"column":2},"end":{"line":44,"column":null}}},"fnMap":{"0":{"name":"usePolling","decl":{"start":{"line":10,"column":16},"end":{"line":10,"column":30}},"loc":{"start":{"line":10,"column":98},"end":{"line":45,"column":null}},"line":10},"1":{"name":"(anonymous_1)","decl":{"start":{"line":17,"column":27},"end":{"line":17,"column":39}},"loc":{"start":{"line":17,"column":39},"end":{"line":32,"column":5}},"line":17},"2":{"name":"(anonymous_2)","decl":{"start":{"line":34,"column":12},"end":{"line":34,"column":18}},"loc":{"start":{"line":34,"column":18},"end":{"line":42,"column":5}},"line":34},"3":{"name":"(anonymous_3)","decl":{"start":{"line":38,"column":11},"end":{"line":38,"column":17}},"loc":{"start":{"line":38,"column":17},"end":{"line":41,"column":null}},"line":38}},"branchMap":{"0":{"loc":{"start":{"line":20,"column":6},"end":{"line":25,"column":null}},"type":"if","locations":[{"start":{"line":20,"column":6},"end":{"line":25,"column":null}},{"start":{},"end":{}}],"line":20},"1":{"loc":{"start":{"line":27,"column":6},"end":{"line":30,"column":null}},"type":"if","locations":[{"start":{"line":27,"column":6},"end":{"line":30,"column":null}},{"start":{},"end":{}}],"line":27},"2":{"loc":{"start":{"line":28,"column":17},"end":{"line":28,"column":69}},"type":"cond-expr","locations":[{"start":{"line":28,"column":40},"end":{"line":28,"column":54}},{"start":{"line":28,"column":54},"end":{"line":28,"column":69}}],"line":28}},"s":{"0":0,"1":0,"2":0,"3":0,"4":0,"5":0,"6":0,"7":0,"8":0,"9":0,"10":0,"11":0,"12":0,"13":0,"14":0,"15":0,"16":0,"17":0,"18":0,"19":0,"20":0,"21":0,"22":0,"23":0},"f":{"0":0,"1":0,"2":0,"3":0},"b":{"0":[0,0],"1":[0,0],"2":[0,0]},"meta":{"lastBranch":3,"lastFunction":4,"lastStatement":24,"seen":{"f:10:16:10:30":0,"s:11:22:11:Infinity":0,"s:12:24:12:Infinity":1,"s:13:28:13:Infinity":2,"s:14:36:14:Infinity":3,"s:15:8:15:Infinity":4,"s:17:8:32:Infinity":5,"f:17:27:17:39":1,"s:18:4:31:Infinity":6,"s:19:21:19:Infinity":7,"b:20:6:25:Infinity:undefined:undefined:undefined:undefined":0,"s:20:6:25:Infinity":8,"s:21:8:21:Infinity":9,"s:22:8:22:Infinity":10,"s:23:8:23:Infinity":11,"s:24:8:24:Infinity":12,"b:27:6:30:Infinity:undefined:undefined:undefined:undefined":1,"s:27:6:30:Infinity":13,"s:28:8:28:Infinity":14,"b:28:40:28:54:28:54:28:69":2,"s:29:8:29:Infinity":15,"s:34:2:42:Infinity":16,"f:34:12:34:18":2,"s:35:4:35:Infinity":17,"s:36:4:36:Infinity":18,"s:37:15:37:Infinity":19,"s:38:4:41:Infinity":20,"f:38:11:38:17":3,"s:39:6:39:Infinity":21,"s:40:6:40:Infinity":22,"s:44:2:44:Infinity":23}}}
,"/Users/ivan/Workspace/github.com/ipedrazas/pulse/ui/src/utils/containerStatusColor.ts": {"path":"/Users/ivan/Workspace/github.com/ipedrazas/pulse/ui/src/utils/containerStatusColor.ts","statementMap":{"0":{"start":{"line":2,"column":2},"end":{"line":16,"column":null}},"1":{"start":{"line":4,"column":6},"end":{"line":4,"column":null}},"2":{"start":{"line":7,"column":6},"end":{"line":7,"column":null}},"3":{"start":{"line":9,"column":6},"end":{"line":9,"column":null}},"4":{"start":{"line":11,"column":6},"end":{"line":11,"column":null}},"5":{"start":{"line":13,"column":6},"end":{"line":13,"column":null}},"6":{"start":{"line":15,"column":6},"end":{"line":15,"column":null}},"7":{"start":{"line":20,"column":2},"end":{"line":34,"column":null}},"8":{"start":{"line":22,"column":6},"end":{"line":22,"column":null}},"9":{"start":{"line":25,"column":6},"end":{"line":25,"column":null}},"10":{"start":{"line":27,"column":6},"end":{"line":27,"column":null}},"11":{"start":{"line":29,"column":6},"end":{"line":29,"column":null}},"12":{"start":{"line":31,"column":6},"end":{"line":31,"column":null}},"13":{"start":{"line":33,"column":6},"end":{"line":33,"column":null}}},"fnMap":{"0":{"name":"containerStatusColor","decl":{"start":{"line":1,"column":16},"end":{"line":1,"column":37}},"loc":{"start":{"line":1,"column":68},"end":{"line":17,"column":null}},"line":1},"1":{"name":"containerStatusTextColor","decl":{"start":{"line":19,"column":16},"end":{"line":19,"column":41}},"loc":{"start":{"line":19,"column":72},"end":{"line":35,"column":null}},"line":19}},"branchMap":{"0":{"loc":{"start":{"line":2,"column":2},"end":{"line":16,"column":null}},"type":"switch","locations":[{"start":{"line":3,"column":4},"end":{"line":4,"column":null}},{"start":{"line":5,"column":4},"end":{"line":5,"column":null}},{"start":{"line":6,"column":4},"end":{"line":7,"column":null}},{"start":{"line":8,"column":4},"end":{"line":9,"column":null}},{"start":{"line":10,"column":4},"end":{"line":11,"column":null}},{"start":{"line":12,"column":4},"end":{"line":13,"column":null}},{"start":{"line":14,"column":4},"end":{"line":15,"column":null}}],"line":2},"1":{"loc":{"start":{"line":20,"column":2},"end":{"line":34,"column":null}},"type":"switch","locations":[{"start":{"line":21,"column":4},"end":{"line":22,"column":null}},{"start":{"line":23,"column":4},"end":{"line":23,"column":null}},{"start":{"line":24,"column":4},"end":{"line":25,"column":null}},{"start":{"line":26,"column":4},"end":{"line":27,"column":null}},{"start":{"line":28,"column":4},"end":{"line":29,"column":null}},{"start":{"line":30,"column":4},"end":{"line":31,"column":null}},{"start":{"line":32,"column":4},"end":{"line":33,"column":null}}],"line":20}},"s":{"0":8,"1":1,"2":2,"3":1,"4":1,"5":1,"6":2,"7":3,"8":1,"9":1,"10":0,"11":0,"12":0,"13":1},"f":{"0":8,"1":3},"b":{"0":[1,1,2,1,1,1,2],"1":[1,1,1,0,0,0,1]},"meta":{"lastBranch":2,"lastFunction":2,"lastStatement":14,"seen":{"f:1:16:1:37":0,"b:3:4:4:Infinity:5:4:5:Infinity:6:4:7:Infinity:8:4:9:Infinity:10:4:11:Infinity:12:4:13:Infinity:14:4:15:Infinity":0,"s:2:2:16:Infinity":0,"s:4:6:4:Infinity":1,"s:7:6:7:Infinity":2,"s:9:6:9:Infinity":3,"s:11:6:11:Infinity":4,"s:13:6:13:Infinity":5,"s:15:6:15:Infinity":6,"f:19:16:19:41":1,"b:21:4:22:Infinity:23:4:23:Infinity:24:4:25:Infinity:26:4:27:Infinity:28:4:29:Infinity:30:4:31:Infinity:32:4:33:Infinity":1,"s:20:2:34:Infinity":7,"s:22:6:22:Infinity":8,"s:25:6:25:Infinity":9,"s:27:6:27:Infinity":10,"s:29:6:29:Infinity":11,"s:31:6:31:Infinity":12,"s:33:6:33:Infinity":13}}}
,"/Users/ivan/Workspace/github.com/ipedrazas/pulse/ui/src/utils/formatLastSeen.ts": {"path":"/Users/ivan/Workspace/github.com/ipedrazas/pulse/ui/src/utils/formatLastSeen.ts","statementMap":{"0":{"start":{"line":2,"column":2},"end":{"line":2,"column":null}},"1":{"start":{"line":2,"column":12},"end":{"line":2,"column":null}},"2":{"start":{"line":4,"column":15},"end":{"line":4,"column":null}},"3":{"start":{"line":5,"column":14},"end":{"line":5,"column":null}},"4":{"start":{"line":6,"column":22},"end":{"line":6,"column":null}},"5":{"start":{"line":8,"column":2},"end":{"line":8,"column":null}},"6":{"start":{"line":8,"column":23},"end":{"line":8,"column":null}},"7":{"start":{"line":9,"column":2},"end":{"line":9,"column":null}},"8":{"start":{"line":9,"column":24},"end":{"line":9,"column":null}},"9":{"start":{"line":11,"column":18},"end":{"line":11,"column":null}},"10":{"start":{"line":12,"column":2},"end":{"line":12,"column":null}},"11":{"start":{"line":12,"column":20},"end":{"line":12,"column":null}},"12":{"start":{"line":14,"column":16},"end":{"line":14,"column":null}},"13":{"start":{"line":15,"column":2},"end":{"line":15,"column":null}},"14":{"start":{"line":15,"column":18},"end":{"line":15,"column":null}},"15":{"start":{"line":17,"column":15},"end":{"line":17,"column":null}},"16":{"start":{"line":18,"column":2},"end":{"line":18,"column":null}}},"fnMap":{"0":{"name":"formatLastSeen","decl":{"start":{"line":1,"column":16},"end":{"line":1,"column":31}},"loc":{"start":{"line":1,"column":59},"end":{"line":19,"column":null}},"line":1}},"branchMap":{"0":{"loc":{"start":{"line":2,"column":2},"end":{"line":2,"column":null}},"type":"if","locations":[{"start":{"line":2,"column":2},"end":{"line":2,"column":null}},{"start":{},"end":{}}],"line":2},"1":{"loc":{"start":{"line":8,"column":2},"end":{"line":8,"column":null}},"type":"if","locations":[{"start":{"line":8,"column":2},"end":{"line":8,"column":null}},{"start":{},"end":{}}],"line":8},"2":{"loc":{"start":{"line":9,"column":2},"end":{"line":9,"column":null}},"type":"if","locations":[{"start":{"line":9,"column":2},"end":{"line":9,"column":null}},{"start":{},"end":{}}],"line":9},"3":{"loc":{"start":{"line":12,"column":2},"end":{"line":12,"column":null}},"type":"if","locations":[{"start":{"line":12,"column":2},"end":{"line":12,"column":null}},{"start":{},"end":{}}],"line":12},"4":{"loc":{"start":{"line":15,"column":2},"end":{"line":15,"column":null}},"type":"if","locations":[{"start":{"line":15,"column":2},"end":{"line":15,"column":null}},{"start":{},"end":{}}],"line":15}},"s":{"0":6,"1":1,"2":5,"3":5,"4":5,"5":5,"6":1,"7":4,"8":4,"9":3,"10":3,"11":1,"12":2,"13":2,"14":2,"15":1,"16":1},"f":{"0":6},"b":{"0":[1,5],"1":[1,4],"2":[1,3],"3":[1,2],"4":[1,1]},"meta":{"lastBranch":5,"lastFunction":1,"lastStatement":17,"seen":{"f:1:16:1:31":0,"b:2:2:2:Infinity:undefined:undefined:undefined:undefined":0,"s:2:2:2:Infinity":0,"s:2:12:2:Infinity":1,"s:4:15:4:Infinity":2,"s:5:14:5:Infinity":3,"s:6:22:6:Infinity":4,"b:8:2:8:Infinity:undefined:undefined:undefined:undefined":1,"s:8:2:8:Infinity":5,"s:8:23:8:Infinity":6,"b:9:2:9:Infinity:undefined:undefined:undefined:undefined":2,"s:9:2:9:Infinity":7,"s:9:24:9:Infinity":8,"s:11:18:11:Infinity":9,"b:12:2:12:Infinity:undefined:undefined:undefined:undefined":3,"s:12:2:12:Infinity":10,"s:12:20:12:Infinity":11,"s:14:16:14:Infinity":12,"b:15:2:15:Infinity:undefined:undefined:undefined:undefined":4,"s:15:2:15:Infinity":13,"s:15:18:15:Infinity":14,"s:17:15:17:Infinity":15,"s:18:2:18:Infinity":16}}}
,"/Users/ivan/Workspace/github.com/ipedrazas/pulse/ui/src/utils/formatUptime.ts": {"path":"/Users/ivan/Workspace/github.com/ipedrazas/pulse/ui/src/utils/formatUptime.ts","statementMap":{"0":{"start":{"line":2,"column":2},"end":{"line":2,"column":null}},"1":{"start":{"line":2,"column":38},"end":{"line":2,"column":null}},"2":{"start":{"line":4,"column":15},"end":{"line":4,"column":null}},"3":{"start":{"line":5,"column":16},"end":{"line":5,"column":null}},"4":{"start":{"line":6,"column":18},"end":{"line":6,"column":null}},"5":{"start":{"line":8,"column":2},"end":{"line":8,"column":null}},"6":{"start":{"line":8,"column":16},"end":{"line":8,"column":null}},"7":{"start":{"line":9,"column":2},"end":{"line":9,"column":null}},"8":{"start":{"line":9,"column":17},"end":{"line":9,"column":null}},"9":{"start":{"line":10,"column":2},"end":{"line":10,"column":null}},"10":{"start":{"line":10,"column":19},"end":{"line":10,"column":null}},"11":{"start":{"line":11,"column":2},"end":{"line":11,"column":null}}},"fnMap":{"0":{"name":"formatUptime","decl":{"start":{"line":1,"column":16},"end":{"line":1,"column":29}},"loc":{"start":{"line":1,"column":61},"end":{"line":12,"column":null}},"line":1}},"branchMap":{"0":{"loc":{"start":{"line":2,"column":2},"end":{"line":2,"column":null}},"type":"if","locations":[{"start":{"line":2,"column":2},"end":{"line":2,"column":null}},{"start":{},"end":{}}],"line":2},"1":{"loc":{"start":{"line":2,"column":6},"end":{"line":2,"column":38}},"type":"binary-expr","locations":[{"start":{"line":2,"column":6},"end":{"line":2,"column":25}},{"start":{"line":2,"column":25},"end":{"line":2,"column":38}}],"line":2},"2":{"loc":{"start":{"line":8,"column":2},"end":{"line":8,"column":null}},"type":"if","locations":[{"start":{"line":8,"column":2},"end":{"line":8,"column":null}},{"start":{},"end":{}}],"line":8},"3":{"loc":{"start":{"line":9,"column":2},"end":{"line":9,"column":null}},"type":"if","locations":[{"start":{"line":9,"column":2},"end":{"line":9,"column":null}},{"start":{},"end":{}}],"line":9},"4":{"loc":{"start":{"line":10,"column":2},"end":{"line":10,"column":null}},"type":"if","locations":[{"start":{"line":10,"column":2},"end":{"line":10,"column":null}},{"start":{},"end":{}}],"line":10}},"s":{"0":7,"1":2,"2":5,"3":5,"4":5,"5":5,"6":1,"7":4,"8":4,"9":3,"10":3,"11":2},"f":{"0":7},"b":{"0":[2,5],"1":[7,6],"2":[1,4],"3":[1,3],"4":[1,2]},"meta":{"lastBranch":5,"lastFunction":1,"lastStatement":12,"seen":{"f:1:16:1:29":0,"b:2:2:2:Infinity:undefined:undefined:undefined:undefined":0,"s:2:2:2:Infinity":0,"b:2:6:2:25:2:25:2:38":1,"s:2:38:2:Infinity":1,"s:4:15:4:Infinity":2,"s:5:16:5:Infinity":3,"s:6:18:6:Infinity":4,"b:8:2:8:Infinity:undefined:undefined:undefined:undefined":2,"s:8:2:8:Infinity":5,"s:8:16:8:Infinity":6,"b:9:2:9:Infinity:undefined:undefined:undefined:undefined":3,"s:9:2:9:Infinity":7,"s:9:17:9:Infinity":8,"b:10:2:10:Infinity:undefined:undefined:undefined:undefined":4,"s:10:2:10:Infinity":9,"s:10:19:10:Infinity":10,"s:11:2:11:Infinity":11}}}
}
